# JRE version: OpenJDK Runtime Environment (8.0_242-b01) (build 1.8.0_242-release-1644-b01)
# Java VM: OpenJDK 64-Bit Server VM (25.242-b01 mixed mode windows-amd64 compressed oops)
Heap:
 PSYoungGen      total 285696K, used 32756K [0x00000000d5580000, 0x00000000e9b80000, 0x0000000100000000)
  eden space 252928K, 0% used [0x00000000d5580000,0x00000000d5580000,0x00000000e4c80000)
  from space 32768K, 99% used [0x00000000e6e80000,0x00000000e8e7d008,0x00000000e8e80000)
  to   space 34816K, 0% used [0x00000000e4c80000,0x00000000e4c80000,0x00000000e6e80000)
 ParOldGen       total 182272K, used 59613K [0x0000000080000000, 0x000000008b200000, 0x00000000d5580000)
  object space 182272K, 32% used [0x0000000080000000,0x0000000083a376f0,0x000000008b200000)
 Metaspace       used 113307K, capacity 118228K, committed 118272K, reserved 1155072K
  class space    used 14741K, capacity 15831K, committed 15872K, reserved 1048576K
GC Heap History (10 events):
Event: 9911.594 GC heap after
Heap after GC invocations=24 (full 4):
 PSYoungGen      total 254976K, used 20849K [0x00000000d5580000, 0x00000000e6f80000, 0x0000000100000000)
  eden space 226304K, 0% used [0x00000000d5580000,0x00000000d5580000,0x00000000e3280000)
  from space 28672K, 72% used [0x00000000e5000000,0x00000000e645c6a0,0x00000000e6c00000)
  to   space 30208K, 0% used [0x00000000e3280000,0x00000000e3280000,0x00000000e5000000)
 ParOldGen       total 182272K, used 47850K [0x0000000080000000, 0x000000008b200000, 0x00000000d5580000)
  object space 182272K, 26% used [0x0000000080000000,0x0000000082ebaae8,0x000000008b200000)
 Metaspace       used 106447K, capacity 110950K, committed 111616K, reserved 1146880K
  class space    used 14027K, capacity 14948K, committed 15104K, reserved 1048576K
}
Event: 9914.808 GC heap before
{Heap before GC invocations=25 (full 4):
 PSYoungGen      total 254976K, used 247153K [0x00000000d5580000, 0x00000000e6f80000, 0x0000000100000000)
  eden space 226304K, 100% used [0x00000000d5580000,0x00000000e3280000,0x00000000e3280000)
  from space 28672K, 72% used [0x00000000e5000000,0x00000000e645c6a0,0x00000000e6c00000)
  to   space 30208K, 0% used [0x00000000e3280000,0x00000000e3280000,0x00000000e5000000)
 ParOldGen       total 182272K, used 47850K [0x0000000080000000, 0x000000008b200000, 0x00000000d5580000)
  object space 182272K, 26% used [0x0000000080000000,0x0000000082ebaae8,0x000000008b200000)
 Metaspace       used 106783K, capacity 111224K, committed 111872K, reserved 1146880K
  class space    used 14047K, capacity 14985K, committed 15104K, reserved 1048576K
Event: 9914.845 GC heap after
Heap after GC invocations=25 (full 4):
 PSYoungGen      total 256512K, used 24554K [0x00000000d5580000, 0x00000000e8e80000, 0x0000000100000000)
  eden space 226304K, 0% used [0x00000000d5580000,0x00000000d5580000,0x00000000e3280000)
  from space 30208K, 81% used [0x00000000e3280000,0x00000000e4a7ab90,0x00000000e5000000)
  to   space 32768K, 0% used [0x00000000e6e80000,0x00000000e6e80000,0x00000000e8e80000)
 ParOldGen       total 182272K, used 47858K [0x0000000080000000, 0x000000008b200000, 0x00000000d5580000)
  object space 182272K, 26% used [0x0000000080000000,0x0000000082ebcae8,0x000000008b200000)
 Metaspace       used 106783K, capacity 111224K, committed 111872K, reserved 1146880K
  class space    used 14047K, capacity 14985K, committed 15104K, reserved 1048576K
}
Event: 9916.657 GC heap before
{Heap before GC invocations=26 (full 4):
 PSYoungGen      total 256512K, used 250858K [0x00000000d5580000, 0x00000000e8e80000, 0x0000000100000000)
  eden space 226304K, 100% used [0x00000000d5580000,0x00000000e3280000,0x00000000e3280000)
  from space 30208K, 81% used [0x00000000e3280000,0x00000000e4a7ab90,0x00000000e5000000)
  to   space 32768K, 0% used [0x00000000e6e80000,0x00000000e6e80000,0x00000000e8e80000)
 ParOldGen       total 182272K, used 47858K [0x0000000080000000, 0x000000008b200000, 0x00000000d5580000)
  object space 182272K, 26% used [0x0000000080000000,0x0000000082ebcae8,0x000000008b200000)
 Metaspace       used 107471K, capacity 111998K, committed 112768K, reserved 1146880K
  class space    used 14115K, capacity 15088K, committed 15232K, reserved 1048576K
Event: 9916.704 GC heap after
Heap after GC invocations=26 (full 4):
 PSYoungGen      total 285696K, used 25348K [0x00000000d5580000, 0x00000000e9b80000, 0x0000000100000000)
  eden space 252928K, 0% used [0x00000000d5580000,0x00000000d5580000,0x00000000e4c80000)
  from space 32768K, 77% used [0x00000000e6e80000,0x00000000e8741258,0x00000000e8e80000)
  to   space 34816K, 0% used [0x00000000e4c80000,0x00000000e4c80000,0x00000000e6e80000)
 ParOldGen       total 182272K, used 47866K [0x0000000080000000, 0x000000008b200000, 0x00000000d5580000)
  object space 182272K, 26% used [0x0000000080000000,0x0000000082ebeae8,0x000000008b200000)
 Metaspace       used 107471K, capacity 111998K, committed 112768K, reserved 1146880K
  class space    used 14115K, capacity 15088K, committed 15232K, reserved 1048576K
}
Event: 9919.149 GC heap before
{Heap before GC invocations=27 (full 4):
 PSYoungGen      total 285696K, used 278276K [0x00000000d5580000, 0x00000000e9b80000, 0x0000000100000000)
  eden space 252928K, 100% used [0x00000000d5580000,0x00000000e4c80000,0x00000000e4c80000)
  from space 32768K, 77% used [0x00000000e6e80000,0x00000000e8741258,0x00000000e8e80000)
  to   space 34816K, 0% used [0x00000000e4c80000,0x00000000e4c80000,0x00000000e6e80000)
 ParOldGen       total 182272K, used 47866K [0x0000000080000000, 0x000000008b200000, 0x00000000d5580000)
  object space 182272K, 26% used [0x0000000080000000,0x0000000082ebeae8,0x000000008b200000)
 Metaspace       used 107722K, capacity 112256K, committed 113024K, reserved 1146880K
  class space    used 14136K, capacity 15089K, committed 15232K, reserved 1048576K
Event: 9919.229 GC heap after
Heap after GC invocations=27 (full 4):
 PSYoungGen      total 287744K, used 34803K [0x00000000d5580000, 0x00000000e9b80000, 0x0000000100000000)
  eden space 252928K, 0% used [0x00000000d5580000,0x00000000d5580000,0x00000000e4c80000)
  from space 34816K, 99% used [0x00000000e4c80000,0x00000000e6e7ccc0,0x00000000e6e80000)
  to   space 32768K, 0% used [0x00000000e6e80000,0x00000000e6e80000,0x00000000e8e80000)
 ParOldGen       total 182272K, used 49464K [0x0000000080000000, 0x000000008b200000, 0x00000000d5580000)
  object space 182272K, 27% used [0x0000000080000000,0x000000008304e3e0,0x000000008b200000)
 Metaspace       used 107722K, capacity 112256K, committed 113024K, reserved 1146880K
  class space    used 14136K, capacity 15089K, committed 15232K, reserved 1048576K
}
Event: 9969.154 GC heap before
{Heap before GC invocations=28 (full 4):
 PSYoungGen      total 287744K, used 154748K [0x00000000d5580000, 0x00000000e9b80000, 0x0000000100000000)
  eden space 252928K, 47% used [0x00000000d5580000,0x00000000dcaa2638,0x00000000e4c80000)
  from space 34816K, 99% used [0x00000000e4c80000,0x00000000e6e7ccc0,0x00000000e6e80000)
  to   space 32768K, 0% used [0x00000000e6e80000,0x00000000e6e80000,0x00000000e8e80000)
 ParOldGen       total 182272K, used 49464K [0x0000000080000000, 0x000000008b200000, 0x00000000d5580000)
  object space 182272K, 27% used [0x0000000080000000,0x000000008304e3e0,0x000000008b200000)
 Metaspace       used 113307K, capacity 118228K, committed 118272K, reserved 1155072K
  class space    used 14741K, capacity 15831K, committed 15872K, reserved 1048576K
Event: 9969.271 GC heap after
Heap after GC invocations=28 (full 4):
 PSYoungGen      total 285696K, used 32756K [0x00000000d5580000, 0x00000000e9b80000, 0x0000000100000000)
  eden space 252928K, 0% used [0x00000000d5580000,0x00000000d5580000,0x00000000e4c80000)
  from space 32768K, 99% used [0x00000000e6e80000,0x00000000e8e7d008,0x00000000e8e80000)
  to   space 34816K, 0% used [0x00000000e4c80000,0x00000000e4c80000,0x00000000e6e80000)
 ParOldGen       total 182272K, used 59613K [0x0000000080000000, 0x000000008b200000, 0x00000000d5580000)
  object space 182272K, 32% used [0x0000000080000000,0x0000000083a376f0,0x000000008b200000)
 Metaspace       used 113307K, capacity 118228K, committed 118272K, reserved 1155072K
  class space    used 14741K, capacity 15831K, committed 15872K, reserved 1048576K
}
Event: 9969.271 GC heap before
{Heap before GC invocations=29 (full 5):
 PSYoungGen      total 285696K, used 32756K [0x00000000d5580000, 0x00000000e9b80000, 0x0000000100000000)
  eden space 252928K, 0% used [0x00000000d5580000,0x00000000d5580000,0x00000000e4c80000)
  from space 32768K, 99% used [0x00000000e6e80000,0x00000000e8e7d008,0x00000000e8e80000)
  to   space 34816K, 0% used [0x00000000e4c80000,0x00000000e4c80000,0x00000000e6e80000)
 ParOldGen       total 182272K, used 59613K [0x0000000080000000, 0x000000008b200000, 0x00000000d5580000)
  object space 182272K, 32% used [0x0000000080000000,0x0000000083a376f0,0x000000008b200000)
 Metaspace       used 113307K, capacity 118228K, committed 118272K, reserved 1155072K
  class space    used 14741K, capacity 15831K, committed 15872K, reserved 1048576K

