# JRE version: OpenJDK Runtime Environment (8.0_242-b01) (build 1.8.0_242-release-1644-b01)
# Java VM: OpenJDK 64-Bit Server VM (25.242-b01 mixed mode windows-amd64 compressed oops)
Heap:
 PSYoungGen      total 287232K, used 236812K [0x00000000d5580000, 0x00000000ec300000, 0x0000000100000000)
  eden space 263168K, 84% used [0x00000000d5580000,0x00000000e2ddb808,0x00000000e5680000)
  from space 24064K, 63% used [0x00000000e5680000,0x00000000e65679e0,0x00000000e6e00000)
  to   space 40960K, 0% used [0x00000000e9b00000,0x00000000e9b00000,0x00000000ec300000)
 ParOldGen       total 126976K, used 101266K [0x0000000080000000, 0x0000000087c00000, 0x00000000d5580000)
  object space 126976K, 79% used [0x0000000080000000,0x00000000862e4a80,0x0000000087c00000)
 Metaspace       used 89459K, capacity 93850K, committed 94168K, reserved 1130496K
  class space    used 11849K, capacity 12686K, committed 12800K, reserved 1048576K
GC Heap History (10 events):
Event: 70.471 GC heap before
{Heap before GC invocations=22 (full 3):
 PSYoungGen      total 285696K, used 285679K [0x00000000d5580000, 0x00000000e8800000, 0x0000000100000000)
  eden space 263168K, 100% used [0x00000000d5580000,0x00000000e5680000,0x00000000e5680000)
  from space 22528K, 99% used [0x00000000e6e00000,0x00000000e83fbce8,0x00000000e8400000)
  to   space 24064K, 0% used [0x00000000e5680000,0x00000000e5680000,0x00000000e6e00000)
 ParOldGen       total 126976K, used 94540K [0x0000000080000000, 0x0000000087c00000, 0x00000000d5580000)
  object space 126976K, 74% used [0x0000000080000000,0x0000000085c53068,0x0000000087c00000)
 Metaspace       used 88534K, capacity 92970K, committed 93272K, reserved 1130496K
  class space    used 11756K, capacity 12610K, committed 12672K, reserved 1048576K
Event: 70.560 GC heap after
Heap after GC invocations=22 (full 3):
 PSYoungGen      total 287232K, used 12598K [0x00000000d5580000, 0x00000000e8800000, 0x0000000100000000)
  eden space 263168K, 0% used [0x00000000d5580000,0x00000000d5580000,0x00000000e5680000)
  from space 24064K, 52% used [0x00000000e5680000,0x00000000e62cd8a0,0x00000000e6e00000)
  to   space 22528K, 0% used [0x00000000e6e00000,0x00000000e6e00000,0x00000000e8400000)
 ParOldGen       total 126976K, used 107217K [0x0000000080000000, 0x0000000087c00000, 0x00000000d5580000)
  object space 126976K, 84% used [0x0000000080000000,0x00000000868b4460,0x0000000087c00000)
 Metaspace       used 88534K, capacity 92970K, committed 93272K, reserved 1130496K
  class space    used 11756K, capacity 12610K, committed 12672K, reserved 1048576K
}
Event: 70.560 GC heap before
{Heap before GC invocations=23 (full 4):
 PSYoungGen      total 287232K, used 12598K [0x00000000d5580000, 0x00000000e8800000, 0x0000000100000000)
  eden space 263168K, 0% used [0x00000000d5580000,0x00000000d5580000,0x00000000e5680000)
  from space 24064K, 52% used [0x00000000e5680000,0x00000000e62cd8a0,0x00000000e6e00000)
  to   space 22528K, 0% used [0x00000000e6e00000,0x00000000e6e00000,0x00000000e8400000)
 ParOldGen       total 126976K, used 107217K [0x0000000080000000, 0x0000000087c00000, 0x00000000d5580000)
  object space 126976K, 84% used [0x0000000080000000,0x00000000868b4460,0x0000000087c00000)
 Metaspace       used 88534K, capacity 92970K, committed 93272K, reserved 1130496K
  class space    used 11756K, capacity 12610K, committed 12672K, reserved 1048576K
Event: 71.217 GC heap after
Heap after GC invocations=23 (full 4):
 PSYoungGen      total 287232K, used 0K [0x00000000d5580000, 0x00000000e8800000, 0x0000000100000000)
  eden space 263168K, 0% used [0x00000000d5580000,0x00000000d5580000,0x00000000e5680000)
  from space 24064K, 0% used [0x00000000e5680000,0x00000000e5680000,0x00000000e6e00000)
  to   space 22528K, 0% used [0x00000000e6e00000,0x00000000e6e00000,0x00000000e8400000)
 ParOldGen       total 126976K, used 105291K [0x0000000080000000, 0x0000000087c00000, 0x00000000d5580000)
  object space 126976K, 82% used [0x0000000080000000,0x00000000866d2c40,0x0000000087c00000)
 Metaspace       used 88384K, capacity 92558K, committed 93272K, reserved 1130496K
  class space    used 11705K, capacity 12520K, committed 12672K, reserved 1048576K
}
Event: 73.016 GC heap before
{Heap before GC invocations=24 (full 5):
 PSYoungGen      total 287232K, used 263168K [0x00000000d5580000, 0x00000000e8800000, 0x0000000100000000)
  eden space 263168K, 100% used [0x00000000d5580000,0x00000000e5680000,0x00000000e5680000)
  from space 24064K, 0% used [0x00000000e5680000,0x00000000e5680000,0x00000000e6e00000)
  to   space 22528K, 0% used [0x00000000e6e00000,0x00000000e6e00000,0x00000000e8400000)
 ParOldGen       total 126976K, used 105291K [0x0000000080000000, 0x0000000087c00000, 0x00000000d5580000)
  object space 126976K, 82% used [0x0000000080000000,0x00000000866d2c40,0x0000000087c00000)
 Metaspace       used 88394K, capacity 92564K, committed 93272K, reserved 1130496K
  class space    used 11706K, capacity 12521K, committed 12672K, reserved 1048576K
Event: 73.403 GC heap after
Heap after GC invocations=24 (full 5):
 PSYoungGen      total 287232K, used 0K [0x00000000d5580000, 0x00000000e8800000, 0x0000000100000000)
  eden space 263168K, 0% used [0x00000000d5580000,0x00000000d5580000,0x00000000e5680000)
  from space 24064K, 0% used [0x00000000e5680000,0x00000000e5680000,0x00000000e6e00000)
  to   space 22528K, 0% used [0x00000000e6e00000,0x00000000e6e00000,0x00000000e8400000)
 ParOldGen       total 126976K, used 101266K [0x0000000080000000, 0x0000000087c00000, 0x00000000d5580000)
  object space 126976K, 79% used [0x0000000080000000,0x00000000862e4a80,0x0000000087c00000)
 Metaspace       used 88394K, capacity 92564K, committed 93272K, reserved 1130496K
  class space    used 11706K, capacity 12521K, committed 12672K, reserved 1048576K
}
Event: 75.096 GC heap before
{Heap before GC invocations=25 (full 5):
 PSYoungGen      total 287232K, used 263168K [0x00000000d5580000, 0x00000000e8800000, 0x0000000100000000)
  eden space 263168K, 100% used [0x00000000d5580000,0x00000000e5680000,0x00000000e5680000)
  from space 24064K, 0% used [0x00000000e5680000,0x00000000e5680000,0x00000000e6e00000)
  to   space 22528K, 0% used [0x00000000e6e00000,0x00000000e6e00000,0x00000000e8400000)
 ParOldGen       total 126976K, used 101266K [0x0000000080000000, 0x0000000087c00000, 0x00000000d5580000)
  object space 126976K, 79% used [0x0000000080000000,0x00000000862e4a80,0x0000000087c00000)
 Metaspace       used 88485K, capacity 92644K, committed 93272K, reserved 1130496K
  class space    used 11720K, capacity 12523K, committed 12672K, reserved 1048576K
Event: 75.118 GC heap after
Heap after GC invocations=25 (full 5):
 PSYoungGen      total 285696K, used 5234K [0x00000000d5580000, 0x00000000e8800000, 0x0000000100000000)
  eden space 263168K, 0% used [0x00000000d5580000,0x00000000d5580000,0x00000000e5680000)
  from space 22528K, 23% used [0x00000000e6e00000,0x00000000e731ca08,0x00000000e8400000)
  to   space 24064K, 0% used [0x00000000e5680000,0x00000000e5680000,0x00000000e6e00000)
 ParOldGen       total 126976K, used 101266K [0x0000000080000000, 0x0000000087c00000, 0x00000000d5580000)
  object space 126976K, 79% used [0x0000000080000000,0x00000000862e4a80,0x0000000087c00000)
 Metaspace       used 88485K, capacity 92644K, committed 93272K, reserved 1130496K
  class space    used 11720K, capacity 12523K, committed 12672K, reserved 1048576K
}
Event: 76.756 GC heap before
{Heap before GC invocations=26 (full 5):
 PSYoungGen      total 285696K, used 268402K [0x00000000d5580000, 0x00000000e8800000, 0x0000000100000000)
  eden space 263168K, 100% used [0x00000000d5580000,0x00000000e5680000,0x00000000e5680000)
  from space 22528K, 23% used [0x00000000e6e00000,0x00000000e731ca08,0x00000000e8400000)
  to   space 24064K, 0% used [0x00000000e5680000,0x00000000e5680000,0x00000000e6e00000)
 ParOldGen       total 126976K, used 101266K [0x0000000080000000, 0x0000000087c00000, 0x00000000d5580000)
  object space 126976K, 79% used [0x0000000080000000,0x00000000862e4a80,0x0000000087c00000)
 Metaspace       used 88517K, capacity 92644K, committed 93272K, reserved 1130496K
  class space    used 11720K, capacity 12523K, committed 12672K, reserved 1048576K
Event: 76.805 GC heap after
Heap after GC invocations=26 (full 5):
 PSYoungGen      total 287232K, used 15262K [0x00000000d5580000, 0x00000000ec300000, 0x0000000100000000)
  eden space 263168K, 0% used [0x00000000d5580000,0x00000000d5580000,0x00000000e5680000)
  from space 24064K, 63% used [0x00000000e5680000,0x00000000e65679e0,0x00000000e6e00000)
  to   space 40960K, 0% used [0x00000000e9b00000,0x00000000e9b00000,0x00000000ec300000)
 ParOldGen       total 126976K, used 101266K [0x0000000080000000, 0x0000000087c00000, 0x00000000d5580000)
  object space 126976K, 79% used [0x0000000080000000,0x00000000862e4a80,0x0000000087c00000)
 Metaspace       used 88517K, capacity 92644K, committed 93272K, reserved 1130496K
  class space    used 11720K, capacity 12523K, committed 12672K, reserved 1048576K
}

